<?xml version="1.0" encoding="UTF-8"?>
<testng-results ignored="0" total="3" passed="3" failed="0" skipped="0">
  <reporter-output>
  </reporter-output>
  <suite started-at="2026-06-24T21:17:13 IST" name="Surefire suite" finished-at="2026-06-24T21:24:23 IST" duration-ms="430041">
    <groups>
    </groups>
    <test started-at="2026-06-24T21:17:13 IST" name="Surefire test" finished-at="2026-06-24T21:24:23 IST" duration-ms="430041">
      <class name="tests.OrderSummaryTest">
        <test-method is-config="true" signature="setUpBrowser()[pri:0, instance:tests.OrderSummaryTest@8b96fde]" started-at="2026-06-24T21:17:13 IST" name="setUpBrowser" finished-at="2026-06-24T21:17:16 IST" duration-ms="3452" status="PASS">
          <reporter-output>
          </reporter-output>
        </test-method> <!-- setUpBrowser -->
        <test-method signature="validateOrderSummary(tests.TestDataProvider$CheckoutDataset)[pri:0, instance:tests.OrderSummaryTest@8b96fde]" started-at="2026-06-24T21:17:16 IST" name="validateOrderSummary" description="T101/T102/T103/T104: Validate order summary and total calculation" data-provider="orderSummaryData" finished-at="2026-06-24T21:19:31 IST" duration-ms="135264" status="PASS">
          <params>
            <param index="0">
              <value>
                <![CDATA[tests.TestDataProvider$CheckoutDataset@1b7c473a]]>
              </value>
            </param>
          </params>
          <reporter-output>
          </reporter-output>
        </test-method> <!-- validateOrderSummary -->
        <test-method is-config="true" signature="tearDownBrowser()[pri:0, instance:tests.OrderSummaryTest@8b96fde]" started-at="2026-06-24T21:19:31 IST" name="tearDownBrowser" finished-at="2026-06-24T21:19:32 IST" duration-ms="237" status="PASS">
          <reporter-output>
          </reporter-output>
        </test-method> <!-- tearDownBrowser -->
        <test-method is-config="true" signature="setUpBrowser()[pri:0, instance:tests.OrderSummaryTest@8b96fde]" started-at="2026-06-24T21:19:32 IST" name="setUpBrowser" finished-at="2026-06-24T21:19:34 IST" duration-ms="2822" status="PASS">
          <reporter-output>
          </reporter-output>
        </test-method> <!-- setUpBrowser -->
        <test-method signature="validateOrderSummary(tests.TestDataProvider$CheckoutDataset)[pri:0, instance:tests.OrderSummaryTest@8b96fde]" started-at="2026-06-24T21:19:34 IST" name="validateOrderSummary" description="T101/T102/T103/T104: Validate order summary and total calculation" data-provider="orderSummaryData" finished-at="2026-06-24T21:21:56 IST" duration-ms="141649" status="PASS">
          <params>
            <param index="0">
              <value>
                <![CDATA[tests.TestDataProvider$CheckoutDataset@5a9800f8]]>
              </value>
            </param>
          </params>
          <reporter-output>
          </reporter-output>
        </test-method> <!-- validateOrderSummary -->
        <test-method is-config="true" signature="tearDownBrowser()[pri:0, instance:tests.OrderSummaryTest@8b96fde]" started-at="2026-06-24T21:21:56 IST" name="tearDownBrowser" finished-at="2026-06-24T21:21:57 IST" duration-ms="437" status="PASS">
          <reporter-output>
          </reporter-output>
        </test-method> <!-- tearDownBrowser -->
        <test-method is-config="true" signature="setUpBrowser()[pri:0, instance:tests.OrderSummaryTest@8b96fde]" started-at="2026-06-24T21:21:57 IST" name="setUpBrowser" finished-at="2026-06-24T21:22:00 IST" duration-ms="3378" status="PASS">
          <reporter-output>
          </reporter-output>
        </test-method> <!-- setUpBrowser -->
        <test-method signature="validateOrderSummary(tests.TestDataProvider$CheckoutDataset)[pri:0, instance:tests.OrderSummaryTest@8b96fde]" started-at="2026-06-24T21:22:00 IST" name="validateOrderSummary" description="T101/T102/T103/T104: Validate order summary and total calculation" data-provider="orderSummaryData" finished-at="2026-06-24T21:24:22 IST" duration-ms="142508" status="PASS">
          <params>
            <param index="0">
              <value>
                <![CDATA[tests.TestDataProvider$CheckoutDataset@48d293ee]]>
              </value>
            </param>
          </params>
          <reporter-output>
          </reporter-output>
        </test-method> <!-- validateOrderSummary -->
        <test-method is-config="true" signature="tearDownBrowser()[pri:0, instance:tests.OrderSummaryTest@8b96fde]" started-at="2026-06-24T21:24:22 IST" name="tearDownBrowser" finished-at="2026-06-24T21:24:23 IST" duration-ms="256" status="PASS">
          <reporter-output>
          </reporter-output>
        </test-method> <!-- tearDownBrowser -->
      </class> <!-- tests.OrderSummaryTest -->
    </test> <!-- Surefire test -->
  </suite> <!-- Surefire suite -->
</testng-results>
