<?xml version="1.0" encoding="UTF-8"?>
<!-- Generated by org.testng.reporters.JUnitReportReporter -->
<testsuite hostname="LAPTOP-04EQ5UOL" failures="0" tests="3" name="tests.ProductListingTest" time="139.053" errors="0" timestamp="2026-06-18T07:15:17 IST" skipped="0">
  <testcase classname="tests.ProductListingTest" name="validateProductDetailsInListing" time="42.735"/>
  <testcase classname="tests.ProductListingTest" name="verifyProductNavigationToDetailsPage" time="42.912"/>
  <testcase classname="tests.ProductListingTest" name="validateProductListingPageLoadsSuccessfully" time="53.406"/>
</testsuite> <!-- tests.ProductListingTest -->
