<?xml version="1.0" encoding="UTF-8"?>
<!-- Generated by org.testng.reporters.JUnitReportReporter -->
<testsuite hostname="LAPTOP-04EQ5UOL" failures="0" tests="3" name="tests.OrderSummaryTest" time="430.003" errors="0" timestamp="2026-06-24T21:24:23 IST" skipped="0">
  <testcase classname="tests.OrderSummaryTest" name="validateOrderSummary" time="138.972"/>
  <testcase classname="tests.OrderSummaryTest" name="validateOrderSummary" time="145.464"/>
  <testcase classname="tests.OrderSummaryTest" name="validateOrderSummary" time="145.567"/>
</testsuite> <!-- tests.OrderSummaryTest -->
