<?xml version="1.0" encoding="UTF-8"?>
<!-- Generated by org.testng.reporters.JUnitReportReporter -->
<testsuite hostname="LAPTOP-04EQ5UOL" failures="0" tests="6" name="tests.CartTest" time="505.046" errors="0" timestamp="2026-06-19T20:37:00 IST" skipped="0">
  <testcase classname="tests.CartTest" name="validateCartSummary" time="75.712"/>
  <testcase classname="tests.CartTest" name="validateCartItems" time="59.783"/>
  <testcase classname="tests.CartTest" name="automateUpdateCart" time="73.619"/>
  <testcase classname="tests.CartTest" name="verifyQuantityAndPrice" time="58.404"/>
  <testcase classname="tests.CartTest" name="automateRemoveItem" time="76.925"/>
  <testcase classname="tests.CartTest" name="handleCartEdgeCases" time="160.603"/>
</testsuite> <!-- tests.CartTest -->
