<?xml version="1.0" encoding="UTF-8"?>
<!-- Generated by org.testng.reporters.JUnitReportReporter -->
<testsuite hostname="LAPTOP-04EQ5UOL" failures="0" tests="3" name="tests.ProductListingTest" time="135.343" errors="0" timestamp="2026-06-19T20:37:00 IST" skipped="0">
  <testcase classname="tests.ProductListingTest" name="verifyProductNavigationToDetailsPage" time="39.414"/>
  <testcase classname="tests.ProductListingTest" name="validateProductDetailsInListing" time="43.188"/>
  <testcase classname="tests.ProductListingTest" name="validateProductListingPageLoadsSuccessfully" time="52.741"/>
</testsuite> <!-- tests.ProductListingTest -->
