<?xml version="1.0" encoding="UTF-8"?>
<!-- Generated by org.testng.reporters.JUnitReportReporter -->
<testsuite hostname="LAPTOP-04EQ5UOL" failures="0" tests="3" name="tests.OrderSummaryTest" time="40.832" errors="0" timestamp="2026-06-25T08:42:26 IST" skipped="0">
  <testcase classname="tests.OrderSummaryTest" name="validateOrderSummary" time="13.776"/>
  <testcase classname="tests.OrderSummaryTest" name="validateOrderSummary" time="14.688"/>
  <testcase classname="tests.OrderSummaryTest" name="validateOrderSummary" time="12.368"/>
</testsuite> <!-- tests.OrderSummaryTest -->
