<?xml version="1.0" encoding="UTF-8"?>
<!-- Generated by org.testng.reporters.JUnitReportReporter -->
<testsuite hostname="LAPTOP-04EQ5UOL" failures="0" tests="4" name="tests.RegistrationTest" time="59.952" errors="0" timestamp="2026-06-16T07:44:49 IST" skipped="0">
  <testcase classname="tests.RegistrationTest" name="automateUserRegistrationFlow" time="18.024"/>
  <testcase classname="tests.RegistrationTest" name="validateEmailFormatAndInvalidInputMessages" time="17.496"/>
  <testcase classname="tests.RegistrationTest" name="validateInvalidInputMessage" time="17.240"/>
  <testcase classname="tests.RegistrationTest" name="validateMandatoryAndBlankFieldMessages" time="7.192"/>
</testsuite> <!-- tests.RegistrationTest -->
