<?xml version="1.0" encoding="UTF-8"?>
<!-- Generated by org.testng.reporters.JUnitReportReporter -->
<testsuite hostname="LAPTOP-04EQ5UOL" failures="0" tests="4" name="tests.LoginTest" time="105.757" errors="0" timestamp="2026-06-08T19:34:17 IST" skipped="0">
  <testcase classname="tests.LoginTest" name="automateLoginWithValidCredentials" time="29.650"/>
  <testcase classname="tests.LoginTest" name="implementAssertionsForLoginLogoutStatus" time="43.933"/>
  <testcase classname="tests.LoginTest" name="automateLoginWithInvalidCredentials" time="14.042"/>
  <testcase classname="tests.LoginTest" name="validateErrorMessagesAndMandatoryFields" time="18.132"/>
</testsuite> <!-- tests.LoginTest -->
