<?xml version="1.0" encoding="UTF-8"?>
<!-- Generated by org.testng.reporters.JUnitReportReporter -->
<testsuite hostname="LAPTOP-04EQ5UOL" failures="0" tests="4" name="tests.LoginTest" time="16.245" errors="0" timestamp="2026-06-08T07:52:35 IST" skipped="0">
  <testcase classname="tests.LoginTest" name="automateLoginWithInvalidCredentials" time="2.939"/>
  <testcase classname="tests.LoginTest" name="validateErrorMessagesAndMandatoryFields" time="2.961"/>
  <testcase classname="tests.LoginTest" name="implementAssertionsForLoginLogoutStatus" time="5.521"/>
  <testcase classname="tests.LoginTest" name="automateLoginWithValidCredentials" time="4.824"/>
</testsuite> <!-- tests.LoginTest -->
