<?xml version="1.0" encoding="UTF-8"?>
<!-- Generated by org.testng.reporters.JUnitReportReporter -->
<testsuite hostname="LAPTOP-04EQ5UOL" failures="0" tests="4" name="tests.RegistrationTest" time="60.777" errors="0" timestamp="2026-06-12T06:59:11 IST" skipped="0">
  <testcase classname="tests.RegistrationTest" name="validateInvalidInputMessage" time="17.776"/>
  <testcase classname="tests.RegistrationTest" name="automateUserRegistrationFlow" time="18.207"/>
  <testcase classname="tests.RegistrationTest" name="validateMandatoryAndBlankFieldMessages" time="7.165"/>
  <testcase classname="tests.RegistrationTest" name="validateEmailFormatAndInvalidInputMessages" time="17.629"/>
</testsuite> <!-- tests.RegistrationTest -->
