<?xml version="1.0" encoding="UTF-8"?>
<!-- Generated by org.testng.reporters.JUnitXMLReporter -->
<testsuite ignored="0" hostname="LAPTOP-04EQ5UOL" failures="0" tests="2" name="Surefire test" time="110.474" errors="0" timestamp="2026-06-10T19:09:12 IST">
  <testcase classname="tests.ProductListingTest" name="validateProductListingPageLoadsSuccessfully" time="50.835"/>
  <testcase classname="tests.ProductListingTest" name="validateProductVisibility" time="51.117"/>
</testsuite> <!-- Surefire test -->
