<?xml version="1.0" encoding="UTF-8"?>
<!-- Generated by org.testng.reporters.JUnitXMLReporter -->
<testsuite ignored="0" hostname="LAPTOP-04EQ5UOL" failures="0" tests="3" name="Surefire test" time="430.041" errors="0" timestamp="2026-06-24T21:24:23 IST">
  <testcase classname="tests.OrderSummaryTest" name="validateOrderSummary" time="135.264"/>
  <testcase classname="tests.OrderSummaryTest" name="validateOrderSummary" time="141.649"/>
  <testcase classname="tests.OrderSummaryTest" name="validateOrderSummary" time="142.508"/>
</testsuite> <!-- Surefire test -->
