<?xml version="1.0" encoding="UTF-8"?>
<testsuite xmlns:xsi="http://www.w3.org/2001/XMLSchema-instance" xsi:noNamespaceSchemaLocation="https://maven.apache.org/surefire/maven-surefire-plugin/xsd/surefire-test-report.xsd" version="3.0.2" name="com.ecommerce.EcommerceProjApplicationTests" time="2.04" tests="1" errors="0" skipped="0" failures="0">
  <properties>
[...]
</properties>
  <testcase name="contextLoads" classname="com.ecommerce.EcommerceProjApplicationTests" time="0.017">
    <system-out><![CDATA[2026-05-21T07:12:06.280+05:30  INFO 24984 --- [ecommerceProj] [           main] t.c.s.AnnotationConfigContextLoaderUtils : Could not detect default configuration classes for test class [com.ecommerce.EcommerceProjApplicationTests]: EcommerceProjApplicationTests does not declare any static, non-private, non-final, nested classes annotated with @Configuration.
2026-05-21T07:12:06.282+05:30  INFO 24984 --- [ecommerceProj] [           main] .b.t.c.SpringBootTestContextBootstrapper : Found @SpringBootConfiguration com.ecommerce.EcommerceProjApplication for test class com.ecommerce.EcommerceProjApplicationTests

  .   ____          _            __ _ _
 /\\ / ___'_ __ _ _(_)_ __  __ _ \ \ \ \
( ( )\___ | '_ | '_| | '_ \/ _` | \ \ \ \
 \\/  ___)| |_)| | | | | || (_| |  ) ) ) )
  '  |____| .__|_| |_|_| |_\__, | / / / /
 =========|_|==============|___/=/_/_/_/

 :: Spring Boot ::                (v3.4.4)

2026-05-21T07:12:06.374+05:30  WARN 24984 --- [ecommerceProj] [           main] ory$DuplicateJsonObjectContextCustomizer : 

Found multiple occurrences of org.json.JSONObject on the class path:

	jar:file:/C:/Users/91907/.m2/repository/org/json/json/20231013/json-20231013.jar!/org/json/JSONObject.class
	jar:file:/C:/Users/91907/.m2/repository/com/vaadin/external/google/android-json/0.0.20131108.vaadin1/android-json-0.0.20131108.vaadin1.jar!/org/json/JSONObject.class

You may wish to exclude one of them to ensure predictable runtime behavior

2026-05-21T07:12:06.381+05:30  INFO 24984 --- [ecommerceProj] [           main] c.e.EcommerceProjApplicationTests        : Starting EcommerceProjApplicationTests using Java 25.0.1 with PID 24984 (started by 91907 in C:\Users\91907\git\repository\ecommerceProj)
2026-05-21T07:12:06.381+05:30  INFO 24984 --- [ecommerceProj] [           main] c.e.EcommerceProjApplicationTests        : No active profile set, falling back to 1 default profile: "default"
2026-05-21T07:12:06.711+05:30  INFO 24984 --- [ecommerceProj] [           main] .s.d.r.c.RepositoryConfigurationDelegate : Bootstrapping Spring Data JPA repositories in DEFAULT mode.
2026-05-21T07:12:06.747+05:30  INFO 24984 --- [ecommerceProj] [           main] .s.d.r.c.RepositoryConfigurationDelegate : Finished Spring Data repository scanning in 33 ms. Found 6 JPA repository interfaces.
2026-05-21T07:12:06.879+05:30  INFO 24984 --- [ecommerceProj] [           main] o.hibernate.jpa.internal.util.LogHelper  : HHH000204: Processing PersistenceUnitInfo [name: default]
2026-05-21T07:12:06.882+05:30  INFO 24984 --- [ecommerceProj] [           main] o.h.c.internal.RegionFactoryInitiator    : HHH000026: Second-level cache disabled
2026-05-21T07:12:06.898+05:30  INFO 24984 --- [ecommerceProj] [           main] o.s.o.j.p.SpringPersistenceUnitInfo      : No LoadTimeWeaver setup: ignoring JPA class transformer
2026-05-21T07:12:06.900+05:30  INFO 24984 --- [ecommerceProj] [           main] com.zaxxer.hikari.HikariDataSource       : HikariPool-2 - Starting...
2026-05-21T07:12:06.901+05:30  INFO 24984 --- [ecommerceProj] [           main] com.zaxxer.hikari.pool.HikariPool        : HikariPool-2 - Added connection conn10: url=jdbc:h2:mem:ecommerce user=SA
2026-05-21T07:12:06.902+05:30  INFO 24984 --- [ecommerceProj] [           main] com.zaxxer.hikari.HikariDataSource       : HikariPool-2 - Start completed.
2026-05-21T07:12:06.903+05:30  WARN 24984 --- [ecommerceProj] [           main] org.hibernate.orm.deprecation            : HHH90000025: H2Dialect does not need to be specified explicitly using 'hibernate.dialect' (remove the property setting and it will be selected by default)
2026-05-21T07:12:06.904+05:30  INFO 24984 --- [ecommerceProj] [           main] org.hibernate.orm.connections.pooling    : HHH10001005: Database info:
	Database JDBC URL [Connecting through datasource 'HikariDataSource (HikariPool-2)']
	Database driver: undefined/unknown
	Database version: 2.3.232
	Autocommit mode: undefined/unknown
	Isolation level: undefined/unknown
	Minimum pool size: undefined/unknown
	Maximum pool size: undefined/unknown
2026-05-21T07:12:07.238+05:30  INFO 24984 --- [ecommerceProj] [           main] o.h.e.t.j.p.i.JtaPlatformInitiator       : HHH000489: No JTA platform available (set 'hibernate.transaction.jta.platform' to enable JTA platform integration)
2026-05-21T07:12:07.267+05:30  INFO 24984 --- [ecommerceProj] [           main] j.LocalContainerEntityManagerFactoryBean : Initialized JPA EntityManagerFactory for persistence unit 'default'
Hibernate: select count(*) from products p1_0
Hibernate: select count(*) from users u1_0
2026-05-21T07:12:07.664+05:30  WARN 24984 --- [ecommerceProj] [           main] JpaBaseConfiguration$JpaWebConfiguration : spring.jpa.open-in-view is enabled by default. Therefore, database queries may be performed during view rendering. Explicitly configure spring.jpa.open-in-view to disable this warning
2026-05-21T07:12:07.683+05:30  INFO 24984 --- [ecommerceProj] [           main] r$InitializeUserDetailsManagerConfigurer : Global AuthenticationManager configured with UserDetailsService bean with name userPrincipalService
2026-05-21T07:12:08.296+05:30  INFO 24984 --- [ecommerceProj] [           main] c.e.EcommerceProjApplicationTests        : Started EcommerceProjApplicationTests in 1.985 seconds (process running for 16.209)
]]></system-out>
  </testcase>
</testsuite>