<?xml version="1.0" encoding="UTF-8"?>
<testsuite xmlns:xsi="http://www.w3.org/2001/XMLSchema-instance" xsi:noNamespaceSchemaLocation="https://maven.apache.org/surefire/maven-surefire-plugin/xsd/surefire-test-report.xsd" version="3.0.2" name="com.ecommerce.CartControllerIntegrationTest" time="28.515" tests="1" errors="0" skipped="0" failures="0">
  <properties>
[...]
</properties>
  <testcase name="addToCartAndReadSummary" classname="com.ecommerce.CartControllerIntegrationTest" time="2.75">
    <system-out><![CDATA[21:14:42.188 [main] INFO org.springframework.test.context.support.AnnotationConfigContextLoaderUtils -- Could not detect default configuration classes for test class [com.ecommerce.CartControllerIntegrationTest]: CartControllerIntegrationTest does not declare any static, non-private, non-final, nested classes annotated with @Configuration.
21:14:42.428 [main] INFO org.springframework.boot.test.context.SpringBootTestContextBootstrapper -- Found @SpringBootConfiguration com.ecommerce.EcommerceProjApplication for test class com.ecommerce.CartControllerIntegrationTest

  .   ____          _            __ _ _
 /\\ / ___'_ __ _ _(_)_ __  __ _ \ \ \ \
( ( )\___ | '_ | '_| | '_ \/ _` | \ \ \ \
 \\/  ___)| |_)| | | | | || (_| |  ) ) ) )
  '  |____| .__|_| |_|_| |_\__, | / / / /
 =========|_|==============|___/=/_/_/_/

 :: Spring Boot ::                (v3.4.4)

2026-05-14T21:14:43.284+05:30  WARN 1816 --- [ecommerceProj] [           main] ory$DuplicateJsonObjectContextCustomizer : 

Found multiple occurrences of org.json.JSONObject on the class path:

	jar:file:/C:/Users/91907/.m2/repository/org/json/json/20231013/json-20231013.jar!/org/json/JSONObject.class
	jar:file:/C:/Users/91907/.m2/repository/com/vaadin/external/google/android-json/0.0.20131108.vaadin1/android-json-0.0.20131108.vaadin1.jar!/org/json/JSONObject.class

You may wish to exclude one of them to ensure predictable runtime behavior

2026-05-14T21:14:43.304+05:30  INFO 1816 --- [ecommerceProj] [           main] c.e.CartControllerIntegrationTest        : Starting CartControllerIntegrationTest using Java 25.0.1 with PID 1816 (started by 91907 in C:\Users\91907\git\repository\ecommerceProj)
2026-05-14T21:14:43.306+05:30  INFO 1816 --- [ecommerceProj] [           main] c.e.CartControllerIntegrationTest        : No active profile set, falling back to 1 default profile: "default"
2026-05-14T21:14:44.963+05:30  INFO 1816 --- [ecommerceProj] [           main] .s.d.r.c.RepositoryConfigurationDelegate : Bootstrapping Spring Data JPA repositories in DEFAULT mode.
2026-05-14T21:14:45.112+05:30  INFO 1816 --- [ecommerceProj] [           main] .s.d.r.c.RepositoryConfigurationDelegate : Finished Spring Data repository scanning in 136 ms. Found 6 JPA repository interfaces.
2026-05-14T21:14:46.629+05:30  INFO 1816 --- [ecommerceProj] [           main] o.hibernate.jpa.internal.util.LogHelper  : HHH000204: Processing PersistenceUnitInfo [name: default]
2026-05-14T21:14:46.884+05:30  INFO 1816 --- [ecommerceProj] [           main] org.hibernate.Version                    : HHH000412: Hibernate ORM core version 6.6.11.Final
2026-05-14T21:14:47.061+05:30  INFO 1816 --- [ecommerceProj] [           main] o.h.c.internal.RegionFactoryInitiator    : HHH000026: Second-level cache disabled
2026-05-14T21:14:47.734+05:30  INFO 1816 --- [ecommerceProj] [           main] o.s.o.j.p.SpringPersistenceUnitInfo      : No LoadTimeWeaver setup: ignoring JPA class transformer
2026-05-14T21:14:47.858+05:30  INFO 1816 --- [ecommerceProj] [           main] com.zaxxer.hikari.HikariDataSource       : HikariPool-1 - Starting...
2026-05-14T21:14:48.300+05:30  INFO 1816 --- [ecommerceProj] [           main] com.zaxxer.hikari.pool.HikariPool        : HikariPool-1 - Added connection conn0: url=jdbc:h2:mem:ecommerce user=SA
2026-05-14T21:14:48.303+05:30  INFO 1816 --- [ecommerceProj] [           main] com.zaxxer.hikari.HikariDataSource       : HikariPool-1 - Start completed.
2026-05-14T21:14:48.366+05:30  WARN 1816 --- [ecommerceProj] [           main] org.hibernate.orm.deprecation            : HHH90000025: H2Dialect does not need to be specified explicitly using 'hibernate.dialect' (remove the property setting and it will be selected by default)
2026-05-14T21:14:48.413+05:30  INFO 1816 --- [ecommerceProj] [           main] org.hibernate.orm.connections.pooling    : HHH10001005: Database info:
	Database JDBC URL [Connecting through datasource 'HikariDataSource (HikariPool-1)']
	Database driver: undefined/unknown
	Database version: 2.3.232
	Autocommit mode: undefined/unknown
	Isolation level: undefined/unknown
	Minimum pool size: undefined/unknown
	Maximum pool size: undefined/unknown
2026-05-14T21:14:51.483+05:30  INFO 1816 --- [ecommerceProj] [           main] o.h.e.t.j.p.i.JtaPlatformInitiator       : HHH000489: No JTA platform available (set 'hibernate.transaction.jta.platform' to enable JTA platform integration)
Hibernate: create table cart_items (cart_item_id integer generated by default as identity, price_at_time numeric(10,2), quantity integer not null check (quantity>=1), cart_id integer not null, product_id integer not null, primary key (cart_item_id))
Hibernate: create table carts (cart_id integer generated by default as identity, added_at timestamp(6) not null, created_at timestamp(6), quantity integer not null, status enum ('ABANDONED','ACTIVE','COMPLETED') not null, total_amount numeric(10,2), updated_at timestamp(6), product_id integer, user_id integer not null, primary key (cart_id))
Hibernate: create table order_items (order_item_id integer generated by default as identity, quantity integer not null, subtotal numeric(10,2) not null, unit_price numeric(10,2) not null, order_id integer not null, product_id integer not null, primary key (order_item_id))
Hibernate: create table orders (order_id integer generated by default as identity, order_date timestamp(6) not null, order_payment_status varchar(50), order_status enum ('CANCELLED','CONFIRMED','DELIVERED','PAID','PLACED','SHIPPED') not null, payment_id varchar(100), payment_method enum ('CARD','COD','NET_BANKING','UPI','WALLET') not null, shipping_address varchar(1000) not null, total_amount numeric(10,2) not null, user_id integer not null, primary key (order_id))
Hibernate: create table products (product_id integer generated by default as identity, category varchar(255), created_at timestamp(6), description varchar(255), image_url varchar(255), name varchar(255) not null, price numeric(10,2) not null, stock_quantity integer not null, updated_at timestamp(6), primary key (product_id))
Hibernate: create table users (user_id integer generated by default as identity, email varchar(255) not null, name varchar(255) not null, password varchar(255) not null, phone varchar(255) not null, primary key (user_id))
Hibernate: alter table if exists carts drop constraint if exists UK64t7ox312pqal3p7fg9o503c2
Hibernate: alter table if exists carts add constraint UK64t7ox312pqal3p7fg9o503c2 unique (user_id)
Hibernate: alter table if exists users drop constraint if exists UK6dotkott2kjsp8vw4d0m25fb7
Hibernate: alter table if exists users add constraint UK6dotkott2kjsp8vw4d0m25fb7 unique (email)
Hibernate: alter table if exists cart_items add constraint FKpcttvuq4mxppo8sxggjtn5i2c foreign key (cart_id) references carts
Hibernate: alter table if exists cart_items add constraint FK1re40cjegsfvw58xrkdp6bac6 foreign key (product_id) references products
Hibernate: alter table if exists carts add constraint FKmd2ap4oxo3wvgkf4fnaye532i foreign key (product_id) references products
Hibernate: alter table if exists carts add constraint FKb5o626f86h46m4s7ms6ginnop foreign key (user_id) references users
Hibernate: alter table if exists order_items add constraint FKbioxgbv59vetrxe0ejfubep1w foreign key (order_id) references orders
Hibernate: alter table if exists order_items add constraint FKocimc7dtr037rh4ls4l95nlfi foreign key (product_id) references products
Hibernate: alter table if exists orders add constraint FK32ql8ubntj5uh44ph9659tiih foreign key (user_id) references users
2026-05-14T21:14:52.014+05:30  INFO 1816 --- [ecommerceProj] [           main] j.LocalContainerEntityManagerFactoryBean : Initialized JPA EntityManagerFactory for persistence unit 'default'
Hibernate: select count(*) from products p1_0
Hibernate: insert into products (category,created_at,description,image_url,name,price,stock_quantity,updated_at,product_id) values (?,?,?,?,?,?,?,?,default)
Hibernate: insert into products (category,created_at,description,image_url,name,price,stock_quantity,updated_at,product_id) values (?,?,?,?,?,?,?,?,default)
Hibernate: insert into products (category,created_at,description,image_url,name,price,stock_quantity,updated_at,product_id) values (?,?,?,?,?,?,?,?,default)
Hibernate: insert into products (category,created_at,description,image_url,name,price,stock_quantity,updated_at,product_id) values (?,?,?,?,?,?,?,?,default)
2026-05-14T21:14:56.639+05:30  INFO 1816 --- [ecommerceProj] [           main] o.s.d.j.r.query.QueryEnhancerFactory     : Hibernate is in classpath; If applicable, HQL parser will be used.
Hibernate: select count(*) from users u1_0
Hibernate: insert into users (email,name,password,phone,user_id) values (?,?,?,?,default)
2026-05-14T21:15:02.966+05:30  WARN 1816 --- [ecommerceProj] [           main] JpaBaseConfiguration$JpaWebConfiguration : spring.jpa.open-in-view is enabled by default. Therefore, database queries may be performed during view rendering. Explicitly configure spring.jpa.open-in-view to disable this warning
2026-05-14T21:15:03.627+05:30  INFO 1816 --- [ecommerceProj] [           main] r$InitializeUserDetailsManagerConfigurer : Global AuthenticationManager configured with UserDetailsService bean with name userPrincipalService
2026-05-14T21:15:07.556+05:30  INFO 1816 --- [ecommerceProj] [           main] o.s.b.t.m.w.SpringBootMockServletContext : Initializing Spring TestDispatcherServlet ''
2026-05-14T21:15:07.557+05:30  INFO 1816 --- [ecommerceProj] [           main] o.s.t.web.servlet.TestDispatcherServlet  : Initializing Servlet ''
2026-05-14T21:15:07.559+05:30  INFO 1816 --- [ecommerceProj] [           main] o.s.t.web.servlet.TestDispatcherServlet  : Completed initialization in 1 ms
2026-05-14T21:15:07.722+05:30  INFO 1816 --- [ecommerceProj] [           main] c.e.CartControllerIntegrationTest        : Started CartControllerIntegrationTest in 25.006 seconds (process running for 27.14)
Hibernate: select u1_0.user_id,u1_0.email,u1_0.name,u1_0.password,u1_0.phone from users u1_0 where u1_0.user_id=?
Hibernate: select c1_0.cart_id,c1_0.added_at,c1_0.created_at,c1_0.product_id,c1_0.quantity,c1_0.status,c1_0.total_amount,c1_0.updated_at,c1_0.user_id from carts c1_0 where c1_0.user_id=?
Hibernate: select p1_0.product_id,p1_0.category,p1_0.created_at,p1_0.description,p1_0.image_url,p1_0.name,p1_0.price,p1_0.stock_quantity,p1_0.updated_at from products p1_0 where p1_0.product_id=?
Hibernate: select c1_0.cart_id,c1_0.added_at,c1_0.created_at,c1_0.product_id,c1_0.quantity,c1_0.status,c1_0.total_amount,c1_0.updated_at,c1_0.user_id from carts c1_0 where c1_0.user_id=? and c1_0.status=?
Hibernate: insert into carts (added_at,created_at,product_id,quantity,status,total_amount,updated_at,user_id,cart_id) values (?,?,?,?,?,?,?,?,default)
Hibernate: select ci1_0.cart_item_id,ci1_0.cart_id,ci1_0.price_at_time,ci1_0.product_id,ci1_0.quantity from cart_items ci1_0 where ci1_0.cart_id=? and ci1_0.product_id=?
Hibernate: insert into cart_items (cart_id,price_at_time,product_id,quantity,cart_item_id) values (?,?,?,?,default)
Hibernate: update carts set product_id=?,quantity=?,status=?,total_amount=?,updated_at=?,user_id=? where cart_id=?
ADD STATUS=200
ADD BODY=Item added to cart
Hibernate: select u1_0.user_id,u1_0.email,u1_0.name,u1_0.password,u1_0.phone from users u1_0 where u1_0.user_id=?
Hibernate: select c1_0.cart_id,c1_0.added_at,c1_0.created_at,c1_0.product_id,c1_0.quantity,c1_0.status,c1_0.total_amount,c1_0.updated_at,c1_0.user_id from carts c1_0 where c1_0.user_id=?
Hibernate: select c1_0.cart_id,c1_0.added_at,c1_0.created_at,c1_0.product_id,c1_0.quantity,c1_0.status,c1_0.total_amount,c1_0.updated_at,c1_0.user_id from carts c1_0 where c1_0.user_id=? and c1_0.status=?
Hibernate: select ci1_0.cart_item_id,ci1_0.cart_id,ci1_0.price_at_time,ci1_0.product_id,ci1_0.quantity from cart_items ci1_0 left join carts c1_0 on c1_0.cart_id=ci1_0.cart_id where c1_0.cart_id=?
Hibernate: select p1_0.product_id,p1_0.category,p1_0.created_at,p1_0.description,p1_0.image_url,p1_0.name,p1_0.price,p1_0.stock_quantity,p1_0.updated_at from products p1_0 where p1_0.product_id=?
GET STATUS=200
GET BODY={"items":[{"cartItemId":1,"quantity":1,"priceAtTime":129.99,"subtotal":129.99,"product":{"productId":1,"name":"Wireless Headphones","description":"Comfortable over-ear headphones with active noise cancellation.","price":129.99,"category":"Electronics","imageUrl":"https://images.unsplash.com/photo-1511376777868-611b54f68947?auto=format&fit=crop&w=800&q=80","stockQuantity":32}}],"totalAmount":129.99,"totalQuantity":1}
]]></system-out>
    <system-err><![CDATA[Mockito is currently self-attaching to enable the inline-mock-maker. This will no longer work in future releases of the JDK. Please add Mockito as an agent to your build what is described in Mockito's documentation: https://javadoc.io/doc/org.mockito/mockito-core/latest/org/mockito/Mockito.html#0.3
WARNING: A Java agent has been loaded dynamically (C:\Users\91907\.m2\repository\net\bytebuddy\byte-buddy-agent\1.15.11\byte-buddy-agent-1.15.11.jar)
WARNING: If a serviceability tool is in use, please run with -XX:+EnableDynamicAgentLoading to hide this warning
WARNING: If a serviceability tool is not in use, please run with -Djdk.instrument.traceUsage for more information
WARNING: Dynamic loading of agents will be disallowed by default in a future release
]]></system-err>
  </testcase>
</testsuite>