<?xml version="1.0" encoding="UTF-8"?>
<!-- Generated by org.testng.reporters.JUnitXMLReporter -->
<testsuite ignored="0" hostname="LAPTOP-04EQ5UOL" failures="0" tests="4" name="Product Feature Tests" time="236.455" errors="0" timestamp="2026-06-18T07:15:17 IST">
  <testcase classname="tests.ProductSearchTest" name="testProductSearchValidAndInvalid" time="59.854"/>
  <testcase classname="tests.ProductFilterTest" name="testFiltering" time="64.315"/>
  <testcase classname="tests.AddToCartTest" name="automateAddToCartFunctionality" time="52.83"/>
  <testcase classname="tests.AddToCartTest" name="validateProductAddition" time="43.011"/>
</testsuite> <!-- Product Feature Tests -->
