<?xml version="1.0" encoding="UTF-8"?>
<!-- Generated by org.testng.reporters.JUnitXMLReporter -->
<testsuite ignored="0" hostname="LAPTOP-04EQ5UOL" failures="0" tests="10" name="Product Feature Tests" time="779.108" errors="0" timestamp="2026-06-19T20:37:00 IST">
  <testcase classname="tests.ProductSearchTest" name="testProductSearchValidAndInvalid" time="59.836"/>
  <testcase classname="tests.ProductFilterTest" name="testFiltering" time="64.841"/>
  <testcase classname="tests.AddToCartTest" name="automateAddToCartFunctionality" time="72.878"/>
  <testcase classname="tests.AddToCartTest" name="validateProductAddition" time="63.094"/>
  <testcase classname="tests.CartTest" name="automateRemoveItem" time="73.509"/>
  <testcase classname="tests.CartTest" name="automateUpdateCart" time="70.145"/>
  <testcase classname="tests.CartTest" name="handleCartEdgeCases" time="157.183"/>
  <testcase classname="tests.CartTest" name="validateCartItems" time="55.189"/>
  <testcase classname="tests.CartTest" name="validateCartSummary" time="72.408"/>
  <testcase classname="tests.CartTest" name="verifyQuantityAndPrice" time="55.369"/>
</testsuite> <!-- Product Feature Tests -->
