<?xml version="1.0" encoding="UTF-8"?>
<!-- Generated by org.testng.reporters.JUnitXMLReporter -->
<testsuite ignored="0" hostname="LAPTOP-04EQ5UOL" failures="2" tests="12" name="US013-US015" time="45.117" errors="0" timestamp="2026-06-07T12:56:51 IST">
  <testcase classname="tests.NavigationTest" name="verifyBasicNavigationBetweenLoginAndRegisterPages" time="1.417"/>
  <testcase classname="tests.WaitTest" name="verifyExplicitWaitForValidationText" time="1.438"/>
  <testcase classname="tests.WaitTest" name="verifyImplicitAndExplicitWaits" time="1.282"/>
  <testcase classname="tests.AlertPopupTest" name="handleAlertsAndPopups" time="11.292">
    <failure type="java.lang.AssertionError" message="Popup demo page did not load. expected [true] but found [false]">
      <![CDATA[java.lang.AssertionError: Popup demo page did not load. expected [true] but found [false]
at tests.AlertPopupTest.handleAlertsAndPopups(AlertPopupTest.java:16)
at java.base/java.util.ArrayList.forEach(ArrayList.java:1604)
... Removed 32 stack frames]]>
    </failure>
  </testcase> <!-- handleAlertsAndPopups -->
  <testcase classname="tests.RegistrationTest" name="automateUserRegistrationFlow" time="1.895"/>
  <testcase classname="tests.RegistrationTest" name="validateEmailFormatAndInvalidInputMessages" time="1.499"/>
  <testcase classname="tests.RegistrationTest" name="validateInvalidInputMessage" time="1.478"/>
  <testcase classname="tests.RegistrationTest" name="validateMandatoryAndBlankFieldMessages" time="0.978"/>
  <testcase classname="tests.LoginTest" name="automateLoginWithInvalidCredentials" time="1.194"/>
  <testcase classname="tests.LoginTest" name="automateLoginWithValidCredentials" time="3.497"/>
  <testcase classname="tests.LoginTest" name="implementAssertionsForLoginLogoutStatus" time="3.202">
    <failure type="java.lang.AssertionError" message="expected [true] but found [false]">
      <![CDATA[java.lang.AssertionError: expected [true] but found [false]
at tests.LoginTest.implementAssertionsForLoginLogoutStatus(LoginTest.java:66)
at java.base/java.util.ArrayList.forEach(ArrayList.java:1604)
... Removed 33 stack frames]]>
    </failure>
  </testcase> <!-- implementAssertionsForLoginLogoutStatus -->
  <testcase classname="tests.LoginTest" name="validateErrorMessagesAndMandatoryFields" time="1.546"/>
</testsuite> <!-- US013-US015 -->
