<?xml version="1.0" encoding="UTF-8"?>
<!-- Generated by org.testng.reporters.JUnitXMLReporter -->
<testsuite ignored="0" hostname="LAPTOP-04EQ5UOL" failures="0" tests="12" name="US013-US015" time="214.636" errors="0" timestamp="2026-06-09T19:30:58 IST">
  <testcase classname="tests.NavigationTest" name="verifyBasicNavigationBetweenLoginAndRegisterPages" time="7.011"/>
  <testcase classname="tests.WaitTest" name="verifyExplicitWaitForValidationText" time="13.972"/>
  <testcase classname="tests.WaitTest" name="verifyImplicitAndExplicitWaits" time="4.536"/>
  <testcase classname="tests.AlertPopupTest" name="handleAlertsAndPopups" time="13.317"/>
  <testcase classname="tests.RegistrationTest" name="automateUserRegistrationFlow" time="13.903"/>
  <testcase classname="tests.RegistrationTest" name="validateEmailFormatAndInvalidInputMessages" time="13.912"/>
  <testcase classname="tests.RegistrationTest" name="validateInvalidInputMessage" time="13.934"/>
  <testcase classname="tests.RegistrationTest" name="validateMandatoryAndBlankFieldMessages" time="3.059"/>
  <testcase classname="tests.LoginTest" name="automateLoginWithInvalidCredentials" time="10.813"/>
  <testcase classname="tests.LoginTest" name="automateLoginWithValidCredentials" time="24.737"/>
  <testcase classname="tests.LoginTest" name="implementAssertionsForLoginLogoutStatus" time="36.89"/>
  <testcase classname="tests.LoginTest" name="validateErrorMessagesAndMandatoryFields" time="15.087"/>
</testsuite> <!-- US013-US015 -->
